<?xml version="1.0" encoding="UTF-8"?><testsuite errors="0" failures="1" name="Register in uTest" skipped="0" tests="1" time="21.25" timestamp="2022-07-30 06:07:19"><testcase name="Search for a automation course."><failure message="Expected enabled element was not enabled" type="net.thucydides.core.webdriver.exceptions.ElementShouldBeEnabledException">Expected enabled element was not enabled</failure><system-err>Expected enabled element was not enabled&#13;
co.com.choucair.certification.proyectobase.tasks.JoinToday.performAs(JoinToday.java:18)&#13;
co.com.choucair.certification.proyectobase.stepdefinitions.ChoucairAcademyStepDefinitions.thanAlejandroWantsToRegisterInUtest(ChoucairAcademyStepDefinitions.java:21)&#13;
cucumber.runner.Runner.runPickle(Runner.java:80)&#13;
</system-err></testcase></testsuite>